<?xml version="1.0" encoding="UTF-8"?>
<!-- Generated by org.testng.reporters.JUnitReportReporter -->
<testsuite hostname="DESKTOP-J7DNQ9P" failures="0" tests="1" name="AlterShop_TesteCases.TC_001_AlterShop_SearchFunctionality" time="28.538" errors="0" timestamp="2024-08-01T16:01:32 IST" skipped="0">
  <testcase classname="AlterShop_TesteCases.TC_001_AlterShop_SearchFunctionality" name="seacrhFunctionalitytest" time="28.538"/>
</testsuite> <!-- AlterShop_TesteCases.TC_001_AlterShop_SearchFunctionality -->
