<?xml version="1.0" encoding="UTF-8"?>
<!-- Generated by org.testng.reporters.JUnitReportReporter -->
<testsuite hostname="DESKTOP-J7DNQ9P" failures="0" tests="1" name="AlterShop_TesteCases.TC_003_AlterShop_CreatorProfile" time="33.561" errors="0" timestamp="2024-08-01T16:01:32 IST" skipped="0">
  <testcase classname="AlterShop_TesteCases.TC_003_AlterShop_CreatorProfile" name="createProfileTest" time="33.561"/>
</testsuite> <!-- AlterShop_TesteCases.TC_003_AlterShop_CreatorProfile -->
